;  LST file generated by mikroListExporter - v.2.0 
; Date/Time: 2/11/2024 8:42:49 PM
;----------------------------------------------

;Address Opcode 	ASM
0x0000	0x2803      	GOTO       3
_main:
;Traffic.c,1 :: 		void main() {
;Traffic.c,2 :: 		TRISB = 0;
0x0003	0x1683      	BSF        STATUS, 5
0x0004	0x1303      	BCF        STATUS, 6
0x0005	0x0186      	CLRF       TRISB
;Traffic.c,4 :: 		while(1){
L_main0:
;Traffic.c,5 :: 		PORTB.RB0 = 0;
0x0006	0x1283      	BCF        STATUS, 5
0x0007	0x1006      	BCF        PORTB, 0
;Traffic.c,6 :: 		PORTB.RB1 = 0;
0x0008	0x1086      	BCF        PORTB, 1
;Traffic.c,7 :: 		PORTB.RB2 = 1;
0x0009	0x1506      	BSF        PORTB, 2
;Traffic.c,8 :: 		PORTB.RB3 = 0;
0x000A	0x1186      	BCF        PORTB, 3
;Traffic.c,9 :: 		PORTB.RB4 = 0;
0x000B	0x1206      	BCF        PORTB, 4
;Traffic.c,10 :: 		PORTB.RB5 = 1;
0x000C	0x1686      	BSF        PORTB, 5
;Traffic.c,12 :: 		DELAY_MS(300);
0x000D	0x3004      	MOVLW      4
0x000E	0x00FB      	MOVWF      R11
0x000F	0x300C      	MOVLW      12
0x0010	0x00FC      	MOVWF      R12
0x0011	0x3033      	MOVLW      51
0x0012	0x00FD      	MOVWF      R13
L_main2:
0x0013	0x0BFD      	DECFSZ     R13, 1
0x0014	0x2813      	GOTO       L_main2
0x0015	0x0BFC      	DECFSZ     R12, 1
0x0016	0x2813      	GOTO       L_main2
0x0017	0x0BFB      	DECFSZ     R11, 1
0x0018	0x2813      	GOTO       L_main2
0x0019	0x0000      	NOP
0x001A	0x0000      	NOP
;Traffic.c,14 :: 		PORTB.RB0 = 0;
0x001B	0x1006      	BCF        PORTB, 0
;Traffic.c,15 :: 		PORTB.RB1 = 1;
0x001C	0x1486      	BSF        PORTB, 1
;Traffic.c,16 :: 		PORTB.RB2 = 1;
0x001D	0x1506      	BSF        PORTB, 2
;Traffic.c,17 :: 		PORTB.RB3 = 0;
0x001E	0x1186      	BCF        PORTB, 3
;Traffic.c,18 :: 		PORTB.RB4 = 1;
0x001F	0x1606      	BSF        PORTB, 4
;Traffic.c,19 :: 		PORTB.RB5 = 0;
0x0020	0x1286      	BCF        PORTB, 5
;Traffic.c,21 :: 		DELAY_MS(150);
0x0021	0x3002      	MOVLW      2
0x0022	0x00FB      	MOVWF      R11
0x0023	0x3086      	MOVLW      134
0x0024	0x00FC      	MOVWF      R12
0x0025	0x3099      	MOVLW      153
0x0026	0x00FD      	MOVWF      R13
L_main3:
0x0027	0x0BFD      	DECFSZ     R13, 1
0x0028	0x2827      	GOTO       L_main3
0x0029	0x0BFC      	DECFSZ     R12, 1
0x002A	0x2827      	GOTO       L_main3
0x002B	0x0BFB      	DECFSZ     R11, 1
0x002C	0x2827      	GOTO       L_main3
;Traffic.c,23 :: 		PORTB.RB0 = 1;
0x002D	0x1406      	BSF        PORTB, 0
;Traffic.c,24 :: 		PORTB.RB1 = 0;
0x002E	0x1086      	BCF        PORTB, 1
;Traffic.c,25 :: 		PORTB.RB2 = 0;
0x002F	0x1106      	BCF        PORTB, 2
;Traffic.c,26 :: 		PORTB.RB3 = 1;
0x0030	0x1586      	BSF        PORTB, 3
;Traffic.c,27 :: 		PORTB.RB4 = 0;
0x0031	0x1206      	BCF        PORTB, 4
;Traffic.c,28 :: 		PORTB.RB5 = 0;
0x0032	0x1286      	BCF        PORTB, 5
;Traffic.c,30 :: 		DELAY_MS(300);
0x0033	0x3004      	MOVLW      4
0x0034	0x00FB      	MOVWF      R11
0x0035	0x300C      	MOVLW      12
0x0036	0x00FC      	MOVWF      R12
0x0037	0x3033      	MOVLW      51
0x0038	0x00FD      	MOVWF      R13
L_main4:
0x0039	0x0BFD      	DECFSZ     R13, 1
0x003A	0x2839      	GOTO       L_main4
0x003B	0x0BFC      	DECFSZ     R12, 1
0x003C	0x2839      	GOTO       L_main4
0x003D	0x0BFB      	DECFSZ     R11, 1
0x003E	0x2839      	GOTO       L_main4
0x003F	0x0000      	NOP
0x0040	0x0000      	NOP
;Traffic.c,32 :: 		PORTB.RB0 = 0;
0x0041	0x1006      	BCF        PORTB, 0
;Traffic.c,33 :: 		PORTB.RB1 = 1;
0x0042	0x1486      	BSF        PORTB, 1
;Traffic.c,34 :: 		PORTB.RB2 = 0;
0x0043	0x1106      	BCF        PORTB, 2
;Traffic.c,35 :: 		PORTB.RB3 = 1;
0x0044	0x1586      	BSF        PORTB, 3
;Traffic.c,36 :: 		PORTB.RB4 = 1;
0x0045	0x1606      	BSF        PORTB, 4
;Traffic.c,37 :: 		PORTB.RB5 = 0;
0x0046	0x1286      	BCF        PORTB, 5
;Traffic.c,39 :: 		DELAY_MS(150);
0x0047	0x3002      	MOVLW      2
0x0048	0x00FB      	MOVWF      R11
0x0049	0x3086      	MOVLW      134
0x004A	0x00FC      	MOVWF      R12
0x004B	0x3099      	MOVLW      153
0x004C	0x00FD      	MOVWF      R13
L_main5:
0x004D	0x0BFD      	DECFSZ     R13, 1
0x004E	0x284D      	GOTO       L_main5
0x004F	0x0BFC      	DECFSZ     R12, 1
0x0050	0x284D      	GOTO       L_main5
0x0051	0x0BFB      	DECFSZ     R11, 1
0x0052	0x284D      	GOTO       L_main5
;Traffic.c,40 :: 		}
0x0053	0x2806      	GOTO       L_main0
;Traffic.c,41 :: 		}
L_end_main:
0x0054	0x2854      	GOTO       $+0
; end of _main
Symbol List:
//** Routines locations **
//ADDRESS    SIZE    PROCEDURE
//----------------------------------------------
0x0003      [82]    _main
//** Variables locations ** 
//ADDRESS    SIZE    VARIABLE
//----------------------------------------------
0x0000       [1]    INDF
0x0003       [1]    STATUS
0x0004       [1]    FSR
0x0006       [1]    PORTB
0x000A       [1]    PCLATH
0x0020       [2]    ___DoICPAddr
0x0070       [1]    R0
0x0071       [1]    R1
0x0072       [1]    R2
0x0073       [1]    R3
0x0074       [1]    R4
0x0075       [1]    R5
0x0076       [1]    R6
0x0077       [1]    R7
0x0078       [1]    R8
0x0079       [1]    R9
0x007A       [1]    R10
0x007B       [1]    R11
0x007C       [1]    R12
0x007D       [1]    R13
0x007E       [1]    R14
0x007F       [1]    R15
0x0086       [1]    TRISB
